  main.cpp
c:\users\szymon pucher\documents\visual studio 2017\projects\university_management_system\university_management_system\menu.cpp(27): warning C4244: "argument": konwersja z "time_t" do "unsigned int", możliwa utrata danych
c:\users\szymon pucher\documents\visual studio 2017\projects\university_management_system\university_management_system\menu.cpp(31): warning C4018: "<": niezgodność typu ze znakiem/bez znaku
c:\users\szymon pucher\documents\visual studio 2017\projects\university_management_system\university_management_system\menu.cpp(38): warning C4244: "=": konwersja z "int" do "float", możliwa utrata danych
c:\users\szymon pucher\documents\visual studio 2017\projects\university_management_system\university_management_system\menu.cpp(28): warning C4101: "x2": lokalna zmienna, do której nie istnieje odwołanie
c:\users\szymon pucher\documents\visual studio 2017\projects\university_management_system\university_management_system\menu.cpp(48): warning C4018: "<": niezgodność typu ze znakiem/bez znaku
c:\users\szymon pucher\documents\visual studio 2017\projects\university_management_system\university_management_system\menu.cpp(104): warning C4018: "<": niezgodność typu ze znakiem/bez znaku
c:\users\szymon pucher\documents\visual studio 2017\projects\university_management_system\university_management_system\menu.cpp(109): warning C4018: "<": niezgodność typu ze znakiem/bez znaku
c:\users\szymon pucher\documents\visual studio 2017\projects\university_management_system\university_management_system\menu.cpp(114): warning C4018: "<": niezgodność typu ze znakiem/bez znaku
c:\users\szymon pucher\documents\visual studio 2017\projects\university_management_system\university_management_system\menu.cpp(119): warning C4018: "<": niezgodność typu ze znakiem/bez znaku
c:\users\szymon pucher\documents\visual studio 2017\projects\university_management_system\university_management_system\menu.cpp(124): warning C4018: "<": niezgodność typu ze znakiem/bez znaku
c:\users\szymon pucher\documents\visual studio 2017\projects\university_management_system\university_management_system\menu.cpp(201): warning C4244: "argument": konwersja z "__int64" do "long", możliwa utrata danych
c:\users\szymon pucher\documents\visual studio 2017\projects\university_management_system\university_management_system\menu.cpp(299): warning C4244: "argument": konwersja z "__int64" do "long", możliwa utrata danych
c:\users\szymon pucher\documents\visual studio 2017\projects\university_management_system\university_management_system\menu.cpp(397): warning C4244: "argument": konwersja z "__int64" do "long", możliwa utrata danych
c:\users\szymon pucher\documents\visual studio 2017\projects\university_management_system\university_management_system\menu.cpp(420): warning C4244: "argument": konwersja z "__int64" do "int", możliwa utrata danych
c:\users\szymon pucher\documents\visual studio 2017\projects\university_management_system\university_management_system\menu.cpp(457): warning C4018: "<": niezgodność typu ze znakiem/bez znaku
c:\users\szymon pucher\documents\visual studio 2017\projects\university_management_system\university_management_system\menu.cpp(473): warning C4018: "<": niezgodność typu ze znakiem/bez znaku
c:\users\szymon pucher\documents\visual studio 2017\projects\university_management_system\university_management_system\menu.cpp(479): warning C4018: "<": niezgodność typu ze znakiem/bez znaku
c:\users\szymon pucher\documents\visual studio 2017\projects\university_management_system\university_management_system\menu.cpp(487): warning C4018: "<": niezgodność typu ze znakiem/bez znaku
c:\users\szymon pucher\documents\visual studio 2017\projects\university_management_system\university_management_system\menu.cpp(495): warning C4018: "<": niezgodność typu ze znakiem/bez znaku
c:\users\szymon pucher\documents\visual studio 2017\projects\university_management_system\university_management_system\menu.cpp(522): warning C4018: "<": niezgodność typu ze znakiem/bez znaku
c:\users\szymon pucher\documents\visual studio 2017\projects\university_management_system\university_management_system\menu.cpp(546): warning C4018: "<": niezgodność typu ze znakiem/bez znaku
c:\users\szymon pucher\documents\visual studio 2017\projects\university_management_system\university_management_system\menu.cpp(560): warning C4018: "<": niezgodność typu ze znakiem/bez znaku
c:\users\szymon pucher\documents\visual studio 2017\projects\university_management_system\university_management_system\menu.cpp(561): warning C4018: "<": niezgodność typu ze znakiem/bez znaku
c:\users\szymon pucher\documents\visual studio 2017\projects\university_management_system\university_management_system\menu.cpp(572): warning C4018: ">": niezgodność typu ze znakiem/bez znaku
c:\users\szymon pucher\documents\visual studio 2017\projects\university_management_system\university_management_system\menu.cpp(575): warning C4018: "<": niezgodność typu ze znakiem/bez znaku
c:\users\szymon pucher\documents\visual studio 2017\projects\university_management_system\university_management_system\menu.cpp(576): warning C4018: "<": niezgodność typu ze znakiem/bez znaku
c:\users\szymon pucher\documents\visual studio 2017\projects\university_management_system\university_management_system\menu.cpp(601): warning C4018: "<": niezgodność typu ze znakiem/bez znaku
c:\users\szymon pucher\documents\visual studio 2017\projects\university_management_system\university_management_system\menu.cpp(616): warning C4018: "<": niezgodność typu ze znakiem/bez znaku
c:\users\szymon pucher\documents\visual studio 2017\projects\university_management_system\university_management_system\menu.cpp(621): warning C4018: "<": niezgodność typu ze znakiem/bez znaku
c:\users\szymon pucher\documents\visual studio 2017\projects\university_management_system\university_management_system\menu.cpp(623): warning C4018: "<": niezgodność typu ze znakiem/bez znaku
c:\users\szymon pucher\documents\visual studio 2017\projects\university_management_system\university_management_system\menu.cpp(625): warning C4018: "<": niezgodność typu ze znakiem/bez znaku
c:\users\szymon pucher\documents\visual studio 2017\projects\university_management_system\university_management_system\menu.cpp(639): warning C4018: "<": niezgodność typu ze znakiem/bez znaku
c:\users\szymon pucher\documents\visual studio 2017\projects\university_management_system\university_management_system\menu.cpp(641): warning C4018: "<": niezgodność typu ze znakiem/bez znaku
c:\users\szymon pucher\documents\visual studio 2017\projects\university_management_system\university_management_system\menu.cpp(651): warning C4018: "<": niezgodność typu ze znakiem/bez znaku
c:\users\szymon pucher\documents\visual studio 2017\projects\university_management_system\university_management_system\menu.cpp(675): warning C4018: "<": niezgodność typu ze znakiem/bez znaku
c:\users\szymon pucher\documents\visual studio 2017\projects\university_management_system\university_management_system\menu.cpp(717): warning C4244: "argument": konwersja z "time_t" do "unsigned int", możliwa utrata danych
  University_Management_System.vcxproj -> c:\users\szymon pucher\documents\visual studio 2017\Projects\University_Management_System\Debug\University_Management_System.exe
  University_Management_System.vcxproj -> c:\users\szymon pucher\documents\visual studio 2017\Projects\University_Management_System\Debug\University_Management_System.pdb (Partial PDB)
